<?xml version="1.0" encoding="UTF-8"?>
<!-- Generated by org.testng.reporters.JUnitReportReporter -->
<testsuite skipped="1" hostname="PC-21930" name="com.crm.qa.testcases.HomePageTest" tests="4" failures="0" timestamp="2020-12-08T18:00:56 WEST" time="38.552" errors="1">
  <testcase name="setUp" time="25.136" classname="com.crm.qa.testcases.HomePageTest">
    <error type="org.openqa.selenium.SessionNotCreatedException" message="session not created
from chrome not reachable
  (Session info: chrome=86.0.4240.198)
Build info: version: &#039;3.141.59&#039;, revision: &#039;e82be7d358&#039;, time: &#039;2018-11-14T08:17:03&#039;
System info: host: &#039;PC-21930&#039;, ip: &#039;172.31.37.31&#039;, os.name: &#039;Windows 10&#039;, os.arch: &#039;amd64&#039;, os.version: &#039;10.0&#039;, java.version: &#039;1.8.0_271&#039;
Driver info: driver.version: ChromeDriver
remote stacktrace: Backtrace:
	Ordinal0 [0x004DD383+3134339]
	Ordinal0 [0x003CA171+2007409]
	Ordinal0 [0x0026AD90+568720]
	Ordinal0 [0x00261364+529252]
	Ordinal0 [0x002619FC+530940]
	Ordinal0 [0x00262C15+535573]
	Ordinal0 [0x0025DFC5+516037]
	Ordinal0 [0x0026BF70+573296]
	Ordinal0 [0x00211916+203030]
	Ordinal0 [0x00210C1D+199709]
	Ordinal0 [0x0020EB0B+191243]
	Ordinal0 [0x001F2E77+77431]
	Ordinal0 [0x001F3E3E+81470]
	Ordinal0 [0x001F3DC9+81353]
	Ordinal0 [0x003E0CD9+2100441]
	GetHandleVerifier [0x0064B75A+1396954]
	GetHandleVerifier [0x0064B3D9+1396057]
	GetHandleVerifier [0x00657126+1444518]
	GetHandleVerifier [0x0064BCE8+1398376]
	Ordinal0 [0x003D7F51+2064209]
	Ordinal0 [0x003E22EB+2106091]
	Ordinal0 [0x003E2411+2106385]
	Ordinal0 [0x003F49C4+2181572]
	BaseThreadInitThunk [0x763DFA29+25]
	RtlGetAppContainerNamedObjectPath [0x776475F4+228]
	RtlGetAppContainerNamedObjectPath [0x776475C4+180]
">
      <![CDATA[org.openqa.selenium.SessionNotCreatedException: session not created
from chrome not reachable
  (Session info: chrome=86.0.4240.198)
Build info: version: '3.141.59', revision: 'e82be7d358', time: '2018-11-14T08:17:03'
System info: host: 'PC-21930', ip: '172.31.37.31', os.name: 'Windows 10', os.arch: 'amd64', os.version: '10.0', java.version: '1.8.0_271'
Driver info: driver.version: ChromeDriver
remote stacktrace: Backtrace:
Ordinal0 [0x004DD383+3134339]
Ordinal0 [0x003CA171+2007409]
Ordinal0 [0x0026AD90+568720]
Ordinal0 [0x00261364+529252]
Ordinal0 [0x002619FC+530940]
Ordinal0 [0x00262C15+535573]
Ordinal0 [0x0025DFC5+516037]
Ordinal0 [0x0026BF70+573296]
Ordinal0 [0x00211916+203030]
Ordinal0 [0x00210C1D+199709]
Ordinal0 [0x0020EB0B+191243]
Ordinal0 [0x001F2E77+77431]
Ordinal0 [0x001F3E3E+81470]
Ordinal0 [0x001F3DC9+81353]
Ordinal0 [0x003E0CD9+2100441]
GetHandleVerifier [0x0064B75A+1396954]
GetHandleVerifier [0x0064B3D9+1396057]
GetHandleVerifier [0x00657126+1444518]
GetHandleVerifier [0x0064BCE8+1398376]
Ordinal0 [0x003D7F51+2064209]
Ordinal0 [0x003E22EB+2106091]
Ordinal0 [0x003E2411+2106385]
Ordinal0 [0x003F49C4+2181572]
BaseThreadInitThunk [0x763DFA29+25]
RtlGetAppContainerNamedObjectPath [0x776475F4+228]
RtlGetAppContainerNamedObjectPath [0x776475C4+180]

at sun.reflect.NativeConstructorAccessorImpl.newInstance0(Native Method)
at sun.reflect.NativeConstructorAccessorImpl.newInstance(NativeConstructorAccessorImpl.java:62)
at sun.reflect.DelegatingConstructorAccessorImpl.newInstance(DelegatingConstructorAccessorImpl.java:45)
at java.lang.reflect.Constructor.newInstance(Constructor.java:423)
at org.openqa.selenium.remote.W3CHandshakeResponse.lambda$errorHandler$0(W3CHandshakeResponse.java:62)
at org.openqa.selenium.remote.HandshakeResponse.lambda$getResponseFunction$0(HandshakeResponse.java:30)
at org.openqa.selenium.remote.ProtocolHandshake.lambda$createSession$0(ProtocolHandshake.java:126)
at java.util.stream.ReferencePipeline$3$1.accept(ReferencePipeline.java:193)
at java.util.Spliterators$ArraySpliterator.tryAdvance(Spliterators.java:958)
at java.util.stream.ReferencePipeline.forEachWithCancel(ReferencePipeline.java:126)
at java.util.stream.AbstractPipeline.copyIntoWithCancel(AbstractPipeline.java:499)
at java.util.stream.AbstractPipeline.copyInto(AbstractPipeline.java:486)
at java.util.stream.AbstractPipeline.wrapAndCopyInto(AbstractPipeline.java:472)
at java.util.stream.FindOps$FindOp.evaluateSequential(FindOps.java:152)
at java.util.stream.AbstractPipeline.evaluate(AbstractPipeline.java:234)
at java.util.stream.ReferencePipeline.findFirst(ReferencePipeline.java:464)
at org.openqa.selenium.remote.ProtocolHandshake.createSession(ProtocolHandshake.java:128)
at org.openqa.selenium.remote.ProtocolHandshake.createSession(ProtocolHandshake.java:74)
at org.openqa.selenium.remote.HttpCommandExecutor.execute(HttpCommandExecutor.java:136)
at org.openqa.selenium.remote.service.DriverCommandExecutor.execute(DriverCommandExecutor.java:83)
at org.openqa.selenium.remote.RemoteWebDriver.execute(RemoteWebDriver.java:552)
at org.openqa.selenium.remote.RemoteWebDriver.startSession(RemoteWebDriver.java:213)
at org.openqa.selenium.remote.RemoteWebDriver.<init>(RemoteWebDriver.java:131)
at org.openqa.selenium.chrome.ChromeDriver.<init>(ChromeDriver.java:181)
at org.openqa.selenium.chrome.ChromeDriver.<init>(ChromeDriver.java:168)
at org.openqa.selenium.chrome.ChromeDriver.<init>(ChromeDriver.java:123)
at com.crm.qa.base.TestBase.initialization(TestBase.java:53)
at com.crm.qa.testcases.HomePageTest.setUp(HomePageTest.java:28)
at sun.reflect.NativeMethodAccessorImpl.invoke0(Native Method)
at sun.reflect.NativeMethodAccessorImpl.invoke(NativeMethodAccessorImpl.java:62)
at sun.reflect.DelegatingMethodAccessorImpl.invoke(DelegatingMethodAccessorImpl.java:43)
at java.lang.reflect.Method.invoke(Method.java:498)
at org.testng.internal.MethodInvocationHelper.invokeMethod(MethodInvocationHelper.java:132)
at org.testng.internal.MethodInvocationHelper.invokeMethodConsideringTimeout(MethodInvocationHelper.java:61)
at org.testng.internal.ConfigInvoker.invokeConfigurationMethod(ConfigInvoker.java:366)
at org.testng.internal.ConfigInvoker.invokeConfigurations(ConfigInvoker.java:320)
at org.testng.internal.TestInvoker.runConfigMethods(TestInvoker.java:701)
at org.testng.internal.TestInvoker.invokeMethod(TestInvoker.java:527)
at org.testng.internal.TestInvoker.invokeTestMethod(TestInvoker.java:174)
at org.testng.internal.MethodRunner.runInSequence(MethodRunner.java:46)
at org.testng.internal.TestInvoker$MethodInvocationAgent.invoke(TestInvoker.java:822)
at org.testng.internal.TestInvoker.invokeTestMethods(TestInvoker.java:147)
at org.testng.internal.TestMethodWorker.invokeTestMethods(TestMethodWorker.java:146)
at org.testng.internal.TestMethodWorker.run(TestMethodWorker.java:128)
at java.util.ArrayList.forEach(ArrayList.java:1259)
at org.testng.TestRunner.privateRun(TestRunner.java:764)
at org.testng.TestRunner.run(TestRunner.java:585)
at org.testng.SuiteRunner.runTest(SuiteRunner.java:384)
at org.testng.SuiteRunner.runSequentially(SuiteRunner.java:378)
at org.testng.SuiteRunner.privateRun(SuiteRunner.java:337)
at org.testng.SuiteRunner.run(SuiteRunner.java:286)
at org.testng.SuiteRunnerWorker.runSuite(SuiteRunnerWorker.java:53)
at org.testng.SuiteRunnerWorker.run(SuiteRunnerWorker.java:96)
at org.testng.TestNG.runSuitesSequentially(TestNG.java:1218)
at org.testng.TestNG.runSuitesLocally(TestNG.java:1140)
at org.testng.TestNG.runSuites(TestNG.java:1069)
at org.testng.TestNG.run(TestNG.java:1037)
at org.testng.remote.AbstractRemoteTestNG.run(AbstractRemoteTestNG.java:115)
at org.testng.remote.RemoteTestNG.initAndRun(RemoteTestNG.java:251)
at org.testng.remote.RemoteTestNG.main(RemoteTestNG.java:77)
]]>
    </error>
  </testcase> <!-- setUp -->
  <system-out/>
  <testcase name="homePageTitleTest" time="12.317" classname="com.crm.qa.testcases.HomePageTest"/>
  <system-out/>
  <testcase name="verifUserNameTest" time="1.099" classname="com.crm.qa.testcases.HomePageTest"/>
  <system-out/>
  <testcase name="verifContactslinkTest" time="0.000" classname="com.crm.qa.testcases.HomePageTest">
    <skipped/>
  </testcase> <!-- verifContactslinkTest -->
  <system-out/>
</testsuite> <!-- com.crm.qa.testcases.HomePageTest -->
